<?xml version="1.0" encoding="UTF-8"?>
<testng-results skipped="0" failed="0" ignored="0" total="1" passed="1">
  <reporter-output>
  </reporter-output>
  <suite name="Default suite" duration-ms="106142" started-at="2019-04-23T23:28:53Z" finished-at="2019-04-23T23:30:39Z">
    <groups>
    </groups>
    <test name="Default test" duration-ms="106142" started-at="2019-04-23T23:28:53Z" finished-at="2019-04-23T23:30:39Z">
      <class name="sample.TasksTests">
        <test-method status="PASS" signature="createCustomerTest()[pri:0, instance:sample.TasksTests@1593948d]" name="createCustomerTest" duration-ms="106001" started-at="2019-04-24T00:28:53Z" finished-at="2019-04-24T00:30:39Z">
          <reporter-output>
          </reporter-output>
        </test-method> <!-- createCustomerTest -->
      </class> <!-- sample.TasksTests -->
    </test> <!-- Default test -->
  </suite> <!-- Default suite -->
</testng-results>
